1 10 20
100 200 125
201 210 89
900 1000 174
10 1 20
150 150 16
12 234 128
123 314 131
12321 33243 308
6576 5767 262
7785 756 262
767 8987 262
5465 7567 262
8768 345 262
65645 756 340
5646 24343 282
33434 4657 308
35253 35466 280
54545 56565 322
5665 1223 238
97879 1234 351
5453 12432 268
54653 43245 340
76574 24254 340
134 32435 308
43552 52515 314
1 1 1
2 3 8
354 56745 340
87658 6546 351
465 645 142
656 65465 340
465 6546 262
4345 54634 340
758 4654 238
87687 4564 351
678 68679 340
465 354 134
5 5765 238
4674 857 238
66 465 144
5654 464 238
99999 9999 351
99999 9998 351
111 222 125
333 444 134
555 666 145
777 888 179
999 1 179
1234 2345 183
3456 4567 238
5678 6789 262
7890 8901 252
9012 3456 262
123 5678 238
11111 22222 279
11223 22334 279
33333 44445 324
1555 1555 35
1111 1111 32
22222 22222 57
33333 44444 324
605293 606510 341
956739 956006 352
826611 825983 313
756134 756776 362
478642 479101 338
815892 815933 269
719220 719135 274
929349 929040 339
948351 948681 326
491808 491202 320
504516 507852 382
604712 604712 67
436809 436182 325
630804 630542 310
975948 975688 334
945718 945752 202
747700 747747 243
652581 653137 336
824003 823974 238
655077 655161 186
567537 567893 346
851101 851038 238
524621 524569 302
549210 549073 240
782205 782263 287
422252 422691 325
285142 285524 376
478472 479285 338
485461 484957 320
748121 748121 256
823874 824088 238
359661 358904 317
2 1596 182
99 9999 262
1 1999 182
340 30100 308
5 6 9
7 10 20
1 98746 351
9999 9998 92
788836 791387 406
919454 919499 202
575642 575716 297
915504 916839 339
285788 285880 252
919365 918704 339
827554 827930 313
850429 850334 313
737959 737960 150
809210 810518 406
974713 974143 321
456486 455019 338
727712 727631 287
743706 745566 318
465147 463724 338
945152 944673 352
776248 775948 331
541191 542743 364
256518 255672 332
947523 950576 383
423648 421688 356
574485 575669 328
588113 587943 266
748123 748033 318
930036 929896 264
982165 982843 383
806280 806281 70
379341 379868 361
155281 158691 383
854261 855194 357
827665 827456 419
806029 805322 375
276791 280194 389
655238 655329 292
358577 358839 348
842747 844169 388
612687 612358 297
810273 809602 344
431700 431055 312
281758 283365 358
984263 984008 352
884741 885879 370
724852 724070 362
869222 869573 388
2 2 2
1 1 1
5 10 20
5 5 6
5 5 6
7 8 17
9 9999 262
1 10000 262
600 500 137
1000 7000 262
300 9000 262
10000 700 262
1 1 1
20 100 119
1 10 20
10000 10000 30
500 1 144
850670 851113 357
978562 976960 383
319662 322868 371
560495 559981 359
831101 831011 251
38429 32428 324
12394 23848 282
1 10000 262
23858 29582 308
3 23959 282
102 4357 238
39 25451 282
3246 23756 282
3 10 20
3756 23674 282
23852 2721 282
2427 3721 238
35230 23582 311
48245 2722 324
2383 39912 324
38482 59932 340
1116 56662 340
1233 56475 340
35647 4676 311
5786 765 238
98756 7654 351
4235 67458 340
867 6544 262
45 78 116
87697 64586 351
5364 897 238
25364 89654 351
3564 6879 262
1425 64758 340
2536 789 209
25346 7890 282
35648 9876 311
